Added Pin To Net: NetName=GND Pin=C1-2
Added Pin To Net: NetName=GND Pin=C2-2
Added Pin To Net: NetName=GND Pin=J1-5
Added Pin To Net: NetName=GND Pin=J1-6
Added Pin To Net: NetName=GND Pin=J1-6
Added Pin To Net: NetName=GND Pin=J1-6
Added Pin To Net: NetName=GND Pin=J1-6
Added Pin To Net: NetName=GND Pin=J1-6
Added Pin To Net: NetName=GND Pin=J1-6
Added Pin To Net: NetName=GND Pin=J1-6
Added Pin To Net: NetName=GND Pin=J1-6
Added Pin To Net: NetName=GND Pin=J2-2
Added Pin To Net: NetName=GND Pin=R2-2
Added Pin To Net: NetName=GND Pin=U1-2
Added Net: Name=GND
Added Pin To Net: NetName=NetD1_1 Pin=D1-1
Added Pin To Net: NetName=NetD1_1 Pin=R1-1
Added Net: Name=NetD1_1
Added Pin To Net: NetName=NetR2_1 Pin=R2-1
Added Pin To Net: NetName=NetR2_1 Pin=U1-5
Added Net: Name=NetR2_1
Added Pin To Net: NetName=STAT Pin=R1-2
Added Pin To Net: NetName=STAT Pin=U1-1
Added Net: Name=STAT
Added Pin To Net: NetName=V_BATT Pin=C2-1
Added Pin To Net: NetName=V_BATT Pin=J2-1
Added Pin To Net: NetName=V_BATT Pin=U1-3
Added Net: Name=V_BATT
Added Pin To Net: NetName=VBUS Pin=C1-1
Added Pin To Net: NetName=VBUS Pin=D1-2
Added Pin To Net: NetName=VBUS Pin=J1-1
Added Pin To Net: NetName=VBUS Pin=U1-4
Added Net: Name=VBUS
Added Class: Name=Battery Charger
Added Room: Name=Battery Charger
Added Rule: Name=Schematic Width Constraint
