Added Net: Name=+3V3
Added Net: Name=Arduino_AI
Added Net: Name=BOOT0
Added Net: Name=But_1
Added Net: Name=But_2
Added Net: Name=But_3
Added Net: Name=But_4
Added Net: Name=But_5
Added Net: Name=But_6
Added Net: Name=But_7
Added Net: Name=But_8
Added Net: Name=But_9
Added Net: Name=D+
Added Net: Name=D-
Added Net: Name=DIN
Added Net: Name=GND
Added Net: Name=LED1
Added Net: Name=LED2
Added Net: Name=LED3
Added Net: Name=LED4
Added Net: Name=LED5
Added Net: Name=LED6
Added Net: Name=LED7
Added Net: Name=LED8
Added Net: Name=LED9
Added Net: Name=NetC4_1
Added Net: Name=NetC4_2
Added Net: Name=NetC5_+
Added Net: Name=NetC5_-
Added Net: Name=NetC6_+
Added Net: Name=NetC7_1
Added Net: Name=NetC7_2
Added Net: Name=NetU3_3
Added Net: Name=OSCIN
Added Net: Name=OSCOUT
Added Net: Name=PA0
Added Net: Name=PA1
Added Net: Name=PA2
Added Net: Name=PA3
Added Net: Name=PA4
Added Net: Name=PA5
Added Net: Name=PA6
Added Net: Name=PA8
Added Net: Name=PA9_TX
Added Net: Name=PA11
Added Net: Name=PA12
Added Net: Name=PA13_SWDIO
Added Net: Name=PA14_SWCLK
Added Net: Name=PA15
Added Net: Name=PB0
Added Net: Name=PB1
Added Net: Name=PB2
Added Net: Name=PB3_SWO
Added Net: Name=PB4
Added Net: Name=PB5
Added Net: Name=PB6
Added Net: Name=PB7
Added Net: Name=PB8
Added Net: Name=PB9
Added Net: Name=PB12
Added Net: Name=PB13
Added Net: Name=PB14
Added Net: Name=PB15
Added Net: Name=PC13
Added Net: Name=PC14
Added Net: Name=PC15
Added Net: Name=RST
Added Net: Name=RX_PA10
Added Net: Name=SCL
Added Net: Name=SDA
Added Net: Name=VBAT
Added Net: Name=VBUS
Added Class: Name=9 Cherry MX with LEDs
Added Class: Name=Keypadmacro
Added Class: Name=Microphone Pic up
Added Class: Name=STM32 with OSC
Added Room: Name=9 Cherry MX with LEDs
Added Room: Name=Keypadmacro
Added Room: Name=Microphone Pic up
Added Room: Name=STM32 with OSC
