Added Component: Designator=SW?(CHRY-MX1A-11NW_V)
Add component (AddParameter): Name = "Actuator Color"; Value = "N/A"; VariantName = "[No Variations]"
Add component (AddParameter): Name = "Actuator Length"; Value = "3.6mm"; VariantName = "[No Variations]"
Add component (AddParameter): Name = "Actuator Material"; Value = "N/A"; VariantName = "[No Variations]"
Add component (AddParameter): Name = "Actuator Style"; Value = "Button"; VariantName = "[No Variations]"
Add component (AddParameter): Name = "Body Orientation"; Value = "Straight"; VariantName = "[No Variations]"
Add component (AddParameter): Name = "Bounce Time"; Value = ""; VariantName = "[No Variations]"
Add component (AddParameter): Name = "Contact Material"; Value = "Silver/Gold"; VariantName = "[No Variations]"
Add component (AddParameter): Name = "Contact Plating"; Value = "N/A"; VariantName = "[No Variations]"
Add component (AddParameter): Name = "COO"; Value = "UK"; VariantName = "[No Variations]"
Add component (AddParameter): Name = "Datasheet URL"; Value = "https://cdn.sparkfun.com/datasheets/Components/Switches/MX%20Series.pdf"; VariantName = "[No Variations]"
Add component (AddParameter): Name = "Datasheet Version"; Value = "09/2000"; VariantName = "[No Variations]"
Add component (AddParameter): Name = "Dielectric Strength"; Value = "N/A"; VariantName = "[No Variations]"
Add component (AddParameter): Name = "Dimension"; Value = "15.6x15.6x15.2mm"; VariantName = "[No Variations]"
Add component (AddParameter): Name = "ECCN"; Value = "EAR99"; VariantName = "[No Variations]"
Add component (AddParameter): Name = "Electrical Life"; Value = "50000000Cycle"; VariantName = "[No Variations]"
Add component (AddParameter): Name = "Family"; Value = "MX"; VariantName = "[No Variations]"
Add component (AddParameter): Name = "Housing Material"; Value = "N/A"; VariantName = "[No Variations]"
Add component (AddParameter): Name = "HTS"; Value = "8536509065"; VariantName = "[No Variations]"
Add component (AddParameter): Name = "Illumination Color"; Value = "N/R"; VariantName = "[No Variations]"
Add component (AddParameter): Name = "Illumination Type"; Value = "N/R"; VariantName = "[No Variations]"
Add component (AddParameter): Name = "IP Rating"; Value = "N/A"; VariantName = "[No Variations]"
Add component (AddParameter): Name = "Manufacturer"; Value = "Cherry"; VariantName = "[No Variations]"
Add component (AddParameter): Name = "Manufacturer URL"; Value = "http://cherryswitches.com/cn/"; VariantName = "[No Variations]"
Add component (AddParameter): Name = "Maximum AC Voltage Rating"; Value = "12V"; VariantName = "[No Variations]"
Add component (AddParameter): Name = "Maximum Contact Resistance"; Value = "200mOhm"; VariantName = "[No Variations]"
Add component (AddParameter): Name = "Maximum Current Rating"; Value = "0.01A"; VariantName = "[No Variations]"
Add component (AddParameter): Name = "Maximum DC Voltage Rating"; Value = "12V"; VariantName = "[No Variations]"
Add component (AddParameter): Name = "Maximum Power Rating"; Value = "N/A"; VariantName = "[No Variations]"
Add component (AddParameter): Name = "Mechanical Life"; Value = "N/A"; VariantName = "[No Variations]"
Add component (AddParameter): Name = "Minimum Insulation Resistance"; Value = "100MOhm"; VariantName = "[No Variations]"
Add component (AddParameter): Name = "Mounting"; Value = "ThroughHole"; VariantName = "[No Variations]"
Add component (AddParameter): Name = "Mounting Technology"; Value = "ThroughHole"; VariantName = "[No Variations]"
Add component (AddParameter): Name = "Number of Terminals"; Value = "2"; VariantName = "[No Variations]"
Add component (AddParameter): Name = "Operating Force"; Value = "0.58N"; VariantName = "[No Variations]"
Add component (AddParameter): Name = "Operating Speed"; Value = "N/A"; VariantName = "[No Variations]"
Add component (AddParameter): Name = "Operating Temperature"; Value = "-10to70C"; VariantName = "[No Variations]"
Add component (AddParameter): Name = "Package Description"; Value = "2-Pin Through Hole Device, Body 15.6 x 15.6 mm"; VariantName = "[No Variations]"
Add component (AddParameter): Name = "Package Reference"; Value = "MX1A-11NW"; VariantName = "[No Variations]"
Add component (AddParameter): Name = "Packaging"; Value = "N/A"; VariantName = "[No Variations]"
Add component (AddParameter): Name = "Part No"; Value = "MX1A11NW"; VariantName = "[No Variations]"
Add component (AddParameter): Name = "Pole Throw Configuration"; Value = "SPST"; VariantName = "[No Variations]"
Add component (AddParameter): Name = "RoHS"; Value = "Unknown"; VariantName = "[No Variations]"
Add component (AddParameter): Name = "Row Spacing"; Value = "6.35mm"; VariantName = "[No Variations]"
Add component (AddParameter): Name = "Supplier"; Value = "CherryElectrical"; VariantName = "[No Variations]"
Add component (AddParameter): Name = "Switch Configuration"; Value = "N.O."; VariantName = "[No Variations]"
Add component (AddParameter): Name = "Terminal Pitch"; Value = "2.54mm"; VariantName = "[No Variations]"
Add component (AddParameter): Name = "Terminal Type"; Value = "PCPins"; VariantName = "[No Variations]"
Add component (AddParameter): Name = "Total Travel"; Value = "4.06mm"; VariantName = "[No Variations]"
Add component (AddParameter): Name = "Type"; Value = "DesktopProfile"; VariantName = "[No Variations]"
Added Component: Designator=U?(ADA-RGB-1655_V)
Add component (AddParameter): Name = "Category"; Value = "Optoelectronics"; VariantName = "[No Variations]"
Add component (AddParameter): Name = "Color"; Value = "Red,Green,Blue(RGB)"; VariantName = "[No Variations]"
Add component (AddParameter): Name = "Configuration"; Value = "Discrete"; VariantName = "[No Variations]"
Add component (AddParameter): Name = "Controller Type"; Value = "-"; VariantName = "[No Variations]"
Add component (AddParameter): Name = "Datasheet URL"; Value = "http://datasheet.octopart.com/ADA1655-Adafruit-Industries-datasheet-32028139.pdf"; VariantName = "[No Variations]"
Add component (AddParameter): Name = "Datasheet Version"; Value = "May-13"; VariantName = "[No Variations]"
Add component (AddParameter): Name = "Family"; Value = "Addressable,Specialty"; VariantName = "[No Variations]"
Add component (AddParameter): Name = "Interface"; Value = "-"; VariantName = "[No Variations]"
Add component (AddParameter): Name = "Manufacturer"; Value = "Adafruit-Industries-LLC"; VariantName = "[No Variations]"
Add component (AddParameter): Name = "Manufacturer URL"; Value = "https://www.adafruit.com/"; VariantName = "[No Variations]"
Add component (AddParameter): Name = "Mounting Type"; Value = "SurfaceMount"; VariantName = "[No Variations]"
Add component (AddParameter): Name = "Number of LEDs"; Value = "10"; VariantName = "[No Variations]"
Add component (AddParameter): Name = "Package Description"; Value = "4-Pin Surface Mount Device, Body 5 x 5 mm"; VariantName = "[No Variations]"
Add component (AddParameter): Name = "Package Reference"; Value = "1655"; VariantName = "[No Variations]"
Add component (AddParameter): Name = "Series"; Value = "Neopixel"; VariantName = "[No Variations]"
Add component (AddParameter): Name = "Size / Dimension"; Value = "5.00mmLx5.00mmW"; VariantName = "[No Variations]"
Add component (AddParameter): Name = "Utilized LED"; Value = "WS2812(5050)"; VariantName = "[No Variations]"
Added Member To Class: ClassName=STM32 with OSC Member=Component SW? MX1A-11NW
Added Member To Class: ClassName=STM32 with OSC Member=Component U? 1655
Added Room: Name=9 Cherry MX with LEDs
Added Room: Name=Keypadmacro
Added Room: Name=Microphone Pic up
Added Room: Name=STM32 with OSC
