Added Component: Designator=U10(TSQFP50P1200X1200X120-64N)
Added Pin To Net: NetName=BATEN3 Pin=U10-1
Added Pin To Net: NetName=3V3 Pin=U10-2
Added Pin To Net: NetName=BATEN2 Pin=U10-3
Added Pin To Net: NetName=BATEN1 Pin=U10-4
Added Pin To Net: NetName=SDA_SMBDAT_U1U2_DIS Pin=U10-5
Added Pin To Net: NetName=SCL_SMBCLK_SSC_DIS Pin=U10-6
Added Pin To Net: NetName=SMBUSZ Pin=U10-7
Added Pin To Net: NetName=FULLPWRMGMTZ_SS_UP Pin=U10-8
Added Pin To Net: NetName=PWRCTL_POL Pin=U10-9
Added Pin To Net: NetName=GANGED_HS_UP Pin=U10-10
Added Pin To Net: NetName=OVERCUR4Z Pin=U10-11
Added Pin To Net: NetName=OVCUR3 Pin=U10-12
Added Pin To Net: NetName=AUTOENZ Pin=U10-13
Added Pin To Net: NetName=OVCUR1 Pin=U10-14
Added Pin To Net: NetName=OVCUR2 Pin=U10-15
Added Pin To Net: NetName=NetR20_1 Pin=U10-16
Added Pin To Net: NetName=TEST_TRSTZ Pin=U10-17
Added Pin To Net: NetName=NetC45_2 Pin=U10-18
Added Pin To Net: NetName=1V1 Pin=U10-19
Added Pin To Net: NetName=3V3 Pin=U10-20
Added Pin To Net: NetName=USB_DP_UP Pin=U10-21
Added Pin To Net: NetName=USB_DM_UP Pin=U10-22
Added Pin To Net: NetName=USB_SSTXP_UP Pin=U10-23
Added Pin To Net: NetName=USB_SSTXM_UP Pin=U10-24
Added Pin To Net: NetName=1V1 Pin=U10-25
Added Pin To Net: NetName=USB_SSRXP_UP Pin=U10-26
Added Pin To Net: NetName=USB_SSRXM_UP Pin=U10-27
Added Pin To Net: NetName=1V1 Pin=U10-28
Added Pin To Net: NetName=3V3 Pin=U10-31
Added Pin To Net: NetName=NetR22_2 Pin=U10-32
Added Pin To Net: NetName=DP_DN1 Pin=U10-33
Added Pin To Net: NetName=DM_DN1 Pin=U10-34
Added Pin To Net: NetName=TXP_DN1 Pin=U10-35
Added Pin To Net: NetName=TXM_DN1 Pin=U10-36
Added Pin To Net: NetName=1V1 Pin=U10-37
Added Pin To Net: NetName=RXP_DN1 Pin=U10-38
Added Pin To Net: NetName=RXM_DN1 Pin=U10-39
Added Pin To Net: NetName=1V1 Pin=U10-40
Added Pin To Net: NetName=DP_DN2 Pin=U10-41
Added Pin To Net: NetName=TXM_DN2 Pin=U10-42
Added Pin To Net: NetName=DM_DN2 Pin=U10-43
Added Pin To Net: NetName=TXP_DN2 Pin=U10-44
Added Pin To Net: NetName=1V1 Pin=U10-45
Added Pin To Net: NetName=RXM_DN2 Pin=U10-46
Added Pin To Net: NetName=RXP_DN2 Pin=U10-47
Added Pin To Net: NetName=3V3 Pin=U10-48
Added Pin To Net: NetName=DM_DN3 Pin=U10-49
Added Pin To Net: NetName=RXM_DN3 Pin=U10-50
Added Pin To Net: NetName=TXM_DN3 Pin=U10-51
Added Pin To Net: NetName=RXP_DN3 Pin=U10-52
Added Pin To Net: NetName=1V1 Pin=U10-53
Added Pin To Net: NetName=DP_DN3 Pin=U10-54
Added Pin To Net: NetName=TXP_DN3 Pin=U10-55
Added Pin To Net: NetName=USB_DP_DN4 Pin=U10-56
Added Pin To Net: NetName=USB_DM_DN4 Pin=U10-57
Added Pin To Net: NetName=USB_SSTXP_DN4 Pin=U10-58
Added Pin To Net: NetName=USB_SSTXM_DN4 Pin=U10-59
Added Pin To Net: NetName=1V1 Pin=U10-60
Added Pin To Net: NetName=USB_SSRXP_DN4 Pin=U10-61
Added Pin To Net: NetName=USB_SSRXM_DN4 Pin=U10-62
Added Pin To Net: NetName=1V1 Pin=U10-63
Added Pin To Net: NetName=PWRON4_BATEN4 Pin=U10-64
