Removed Member From Class: ClassName=Designator Member=C8
Change Component Designator: OldDesignator=C4 NewDesignator=C1
Change Component Designator: OldDesignator=C5 NewDesignator=C2
Change Component Designator: OldDesignator=C6 NewDesignator=C3
Change Component Designator: OldDesignator=C7 NewDesignator=C4
Change Component Designator: OldDesignator=C8 NewDesignator=C5
Change Component Designator: OldDesignator=C8 NewDesignator=C19
Change Component Designator: OldDesignator=C9 NewDesignator=C6
Change Component Designator: OldDesignator=C10 NewDesignator=C7
Change Component Designator: OldDesignator=C11 NewDesignator=C8
Change Component Designator: OldDesignator=C12 NewDesignator=C9
Change Component Designator: OldDesignator=C13 NewDesignator=C10
Change Component Designator: OldDesignator=C14 NewDesignator=C11
Change Component Designator: OldDesignator=C15 NewDesignator=C12
Change Component Designator: OldDesignator=C15 NewDesignator=C20
Change Component Designator: OldDesignator=C16 NewDesignator=C13
Change Component Designator: OldDesignator=C16 NewDesignator=C21
Change Component Designator: OldDesignator=C17 NewDesignator=C14
Change Component Designator: OldDesignator=C17 NewDesignator=C22
Change Component Designator: OldDesignator=C18 NewDesignator=C23
Change Component Designator: OldDesignator=C19 NewDesignator=C24
Change Component Designator: OldDesignator=C20 NewDesignator=C25
Change Component Designator: OldDesignator=C21 NewDesignator=C26
Change Component Designator: OldDesignator=C22 NewDesignator=C15
Change Component Designator: OldDesignator=C23 NewDesignator=C16
Change Component Designator: OldDesignator=C24 NewDesignator=C17
Change Component Designator: OldDesignator=C25 NewDesignator=C18
Change Component Designator: OldDesignator=D1 NewDesignator=D10
Change Component Designator: OldDesignator=D3 NewDesignator=D11
Change Component Designator: OldDesignator=D4 NewDesignator=D12
Change Component Designator: OldDesignator=D5 NewDesignator=D13
Change Component Designator: OldDesignator=D6 NewDesignator=D14
Change Component Designator: OldDesignator=D7 NewDesignator=D15
Change Component Designator: OldDesignator=D8 NewDesignator=D16
Change Component Designator: OldDesignator=D9 NewDesignator=D17
Change Component Designator: OldDesignator=DS2 NewDesignator=DS1
Change Component Designator: OldDesignator=R4 NewDesignator=R10
Change Component Designator: OldDesignator=R6 NewDesignator=R11
Change Component Designator: OldDesignator=R12 NewDesignator=R4
Change Component Designator: OldDesignator=R13 NewDesignator=R5
Change Component Designator: OldDesignator=R14 NewDesignator=R6
Change Component Designator: OldDesignator=R15 NewDesignator=R7
Change Component Designator: OldDesignator=R16 NewDesignator=R8
Change Component Designator: OldDesignator=R17 NewDesignator=R9
Change Component Designator: OldDesignator=R18 NewDesignator=R3
Change Component Designator: OldDesignator=SW1 NewDesignator=SW10
Change Component Designator: OldDesignator=SW2 NewDesignator=SW1
Change Component Designator: OldDesignator=SW3 NewDesignator=SW2
Change Component Designator: OldDesignator=SW4 NewDesignator=SW3
Change Component Designator: OldDesignator=SW5 NewDesignator=SW4
Change Component Designator: OldDesignator=SW6 NewDesignator=SW5
Change Component Designator: OldDesignator=SW7 NewDesignator=SW6
Change Component Designator: OldDesignator=SW8 NewDesignator=SW7
Change Component Designator: OldDesignator=SW9 NewDesignator=SW8
Change Component Designator: OldDesignator=SW10 NewDesignator=SW9
Change Component Designator: OldDesignator=U3 NewDesignator=U1
Change Component Designator: OldDesignator=U4 NewDesignator=U2
Change Component Designator: OldDesignator=U4 NewDesignator=U3
Added Pin To Net: NetName=MIC_OUT_TO_CONTROLLER Pin=U2-10
Added Pin To Net: NetName=D_IN Pin=U2-11
Added Pin To Net: NetName=DIN_EXT Pin=U2-12
Added Pin To Net: NetName=CH_ROW1 Pin=U2-18
Added Pin To Net: NetName=CH_ROW2 Pin=U2-19
Added Pin To Net: NetName=CH_ROW3 Pin=U2-20
Added Pin To Net: NetName=CH_COL1 Pin=U2-40
Added Pin To Net: NetName=CH_COL2 Pin=U2-41
Added Pin To Net: NetName=CH_COL3 Pin=U2-42
Change Net Name : Old Net Name=NetC4_1 New Net Name=NetC1_1
Change Net Name : Old Net Name=NetC4_2 New Net Name=NetC1_2
Change Net Name : Old Net Name=NetC5_1 New Net Name=NetC2_1
Change Net Name : Old Net Name=NetC6_1 New Net Name=NetC3_1
Change Net Name : Old Net Name=NetC6_2 New Net Name=NetC3_2
Change Net Name : Old Net Name=NetC7_1 New Net Name=NetC4_1
Change Net Name : Old Net Name=NetC8_1 New Net Name=NetC5_1
Change Net Name : Old Net Name=NetD1_2 New Net Name=NetD10_2
Change Net Name : Old Net Name=NetD1_4 New Net Name=NetD10_4
Change Net Name : Old Net Name=NetD4_2 New Net Name=NetD12_2
Change Net Name : Old Net Name=NetD5_2 New Net Name=NetD13_2
Change Net Name : Old Net Name=NetD7_2 New Net Name=NetD15_2
Change Net Name : Old Net Name=NetD8_2 New Net Name=NetD16_2
Change Net Name : Old Net Name=NetDS2_1 New Net Name=NetDS1_1
Added Pin To Net: NetName=NetD1_2 Pin=D1-2
Added Pin To Net: NetName=NetD1_2 Pin=SW1-2
Added Net: Name=NetD1_2
Added Pin To Net: NetName=NetD4_2 Pin=D4-2
Added Pin To Net: NetName=NetD4_2 Pin=SW4-2
Added Net: Name=NetD4_2
Added Pin To Net: NetName=NetD5_2 Pin=D5-2
Added Pin To Net: NetName=NetD5_2 Pin=SW5-2
Added Net: Name=NetD5_2
Added Pin To Net: NetName=NetD7_2 Pin=D7-2
Added Pin To Net: NetName=NetD7_2 Pin=SW7-2
Added Net: Name=NetD7_2
Added Pin To Net: NetName=NetD8_2 Pin=D8-2
Added Pin To Net: NetName=NetD8_2 Pin=SW8-2
Added Net: Name=NetD8_2
Added Pin To Net: NetName=NetD11_2 Pin=D11-2
Added Pin To Net: NetName=NetD11_2 Pin=D12-4
Added Net: Name=NetD11_2
Added Pin To Net: NetName=NetD14_2 Pin=D14-2
Added Pin To Net: NetName=NetD14_2 Pin=D15-4
Added Net: Name=NetD14_2
Added Member To Class: ClassName=Designator Member=Component C5 EEEFP1V470AP
Change Room Name: Old Name=Designator New Name=Keypadmacro
Change Room Scope: Old Scope=InComponentClass('Designator') New Scope=InComponentClass('Keypadmacro')
Added Room: Name=Designator
Added Room: Name=Designator
Added Room: Name=Designator
Added Room: Name=Designator
