Added Component: Designator=C4(CAPC1608X90X35NL10T15)
Add component (AddParameter): Name = "Manufacturer"; Value = "Murata"; VariantName = "[No Variations]"
Add component (AddParameter): Name = "Part Number"; Value = "GRM188R60J106ME47D"; VariantName = "[No Variations]"
Added Component: Designator=C5(PNSC-FP-V-D_V)
Add component (AddParameter): Name = "Capacitance"; Value = "47µF"; VariantName = "[No Variations]"
Add component (AddParameter): Name = "Case Size/Dimension"; Value = "Ø6.3x5.8mm"; VariantName = "[No Variations]"
Add component (AddParameter): Name = "Datasheet URL"; Value = "http://industrial.panasonic.com/cdbs/www-data/pdf/RDE0000/ABA0000C1184.pdf"; VariantName = "[No Variations]"
Add component (AddParameter): Name = "Datasheet Version"; Value = "03/2016"; VariantName = "[No Variations]"
Add component (AddParameter): Name = "ESR (Equivalent Series Resistance)"; Value = "0.26O"; VariantName = "[No Variations]"
Add component (AddParameter): Name = "Lifetime@Temperature"; Value = "2000Hrs@105°C"; VariantName = "[No Variations]"
Add component (AddParameter): Name = "Manufacturer"; Value = "Panasonic"; VariantName = "[No Variations]"
Add component (AddParameter): Name = "Manufacturer URL"; Value = "http://www.panasonic.com/"; VariantName = "[No Variations]"
Add component (AddParameter): Name = "Mounting Technology"; Value = "SurfaceMount"; VariantName = "[No Variations]"
Add component (AddParameter): Name = "Operating Temp Range"; Value = "-55to+105°C"; VariantName = "[No Variations]"
Add component (AddParameter): Name = "Operating Temp-Max"; Value = "105°C"; VariantName = "[No Variations]"
Add component (AddParameter): Name = "Package Description"; Value = "2-Pin Electrolytic Aluminum Capacitor, Body 6.6 x 6.6 mm"; VariantName = "[No Variations]"
Add component (AddParameter): Name = "Package Reference"; Value = "FP-V-D"; VariantName = "[No Variations]"
Add component (AddParameter): Name = "Package URL"; Value = "http://industrial.panasonic.com/cdbs/www-data/pdf/RDE0000/DME0000COL48.pdf"; VariantName = "[No Variations]"
Add component (AddParameter): Name = "Rated Voltage"; Value = "35V"; VariantName = "[No Variations]"
Add component (AddParameter): Name = "Ripple Current"; Value = "300mA"; VariantName = "[No Variations]"
Add component (AddParameter): Name = "Series"; Value = "FP"; VariantName = "[No Variations]"
Add component (AddParameter): Name = "Type"; Value = "Can"; VariantName = "[No Variations]"
Added Component: Designator=C6(PNSC-FP-V-D_V)
Add component (AddParameter): Name = "Capacitance"; Value = "47µF"; VariantName = "[No Variations]"
Add component (AddParameter): Name = "Case Size/Dimension"; Value = "Ø6.3x5.8mm"; VariantName = "[No Variations]"
Add component (AddParameter): Name = "Datasheet URL"; Value = "http://industrial.panasonic.com/cdbs/www-data/pdf/RDE0000/ABA0000C1184.pdf"; VariantName = "[No Variations]"
Add component (AddParameter): Name = "Datasheet Version"; Value = "03/2016"; VariantName = "[No Variations]"
Add component (AddParameter): Name = "ESR (Equivalent Series Resistance)"; Value = "0.26O"; VariantName = "[No Variations]"
Add component (AddParameter): Name = "Lifetime@Temperature"; Value = "2000Hrs@105°C"; VariantName = "[No Variations]"
Add component (AddParameter): Name = "Manufacturer"; Value = "Panasonic"; VariantName = "[No Variations]"
Add component (AddParameter): Name = "Manufacturer URL"; Value = "http://www.panasonic.com/"; VariantName = "[No Variations]"
Add component (AddParameter): Name = "Mounting Technology"; Value = "SurfaceMount"; VariantName = "[No Variations]"
Add component (AddParameter): Name = "Operating Temp Range"; Value = "-55to+105°C"; VariantName = "[No Variations]"
Add component (AddParameter): Name = "Operating Temp-Max"; Value = "105°C"; VariantName = "[No Variations]"
Add component (AddParameter): Name = "Package Description"; Value = "2-Pin Electrolytic Aluminum Capacitor, Body 6.6 x 6.6 mm"; VariantName = "[No Variations]"
Add component (AddParameter): Name = "Package Reference"; Value = "FP-V-D"; VariantName = "[No Variations]"
Add component (AddParameter): Name = "Package URL"; Value = "http://industrial.panasonic.com/cdbs/www-data/pdf/RDE0000/DME0000COL48.pdf"; VariantName = "[No Variations]"
Add component (AddParameter): Name = "Rated Voltage"; Value = "35V"; VariantName = "[No Variations]"
Add component (AddParameter): Name = "Ripple Current"; Value = "300mA"; VariantName = "[No Variations]"
Add component (AddParameter): Name = "Series"; Value = "FP"; VariantName = "[No Variations]"
Add component (AddParameter): Name = "Type"; Value = "Can"; VariantName = "[No Variations]"
Added Component: Designator=C7(CAPC1608X90X35NL10T15)
Add component (AddParameter): Name = "Manufacturer"; Value = "Murata"; VariantName = "[No Variations]"
Add component (AddParameter): Name = "Part Number"; Value = "GRM188R60J106ME47D"; VariantName = "[No Variations]"
Added Component: Designator=C8(PNSC-FP-V-D_V)
Add component (AddParameter): Name = "Capacitance"; Value = "47µF"; VariantName = "[No Variations]"
Add component (AddParameter): Name = "Case Size/Dimension"; Value = "Ø6.3x5.8mm"; VariantName = "[No Variations]"
Add component (AddParameter): Name = "Datasheet URL"; Value = "http://industrial.panasonic.com/cdbs/www-data/pdf/RDE0000/ABA0000C1184.pdf"; VariantName = "[No Variations]"
Add component (AddParameter): Name = "Datasheet Version"; Value = "03/2016"; VariantName = "[No Variations]"
Add component (AddParameter): Name = "ESR (Equivalent Series Resistance)"; Value = "0.26O"; VariantName = "[No Variations]"
Add component (AddParameter): Name = "Lifetime@Temperature"; Value = "2000Hrs@105°C"; VariantName = "[No Variations]"
Add component (AddParameter): Name = "Manufacturer"; Value = "Panasonic"; VariantName = "[No Variations]"
Add component (AddParameter): Name = "Manufacturer URL"; Value = "http://www.panasonic.com/"; VariantName = "[No Variations]"
Add component (AddParameter): Name = "Mounting Technology"; Value = "SurfaceMount"; VariantName = "[No Variations]"
Add component (AddParameter): Name = "Operating Temp Range"; Value = "-55to+105°C"; VariantName = "[No Variations]"
Add component (AddParameter): Name = "Operating Temp-Max"; Value = "105°C"; VariantName = "[No Variations]"
Add component (AddParameter): Name = "Package Description"; Value = "2-Pin Electrolytic Aluminum Capacitor, Body 6.6 x 6.6 mm"; VariantName = "[No Variations]"
Add component (AddParameter): Name = "Package Reference"; Value = "FP-V-D"; VariantName = "[No Variations]"
Add component (AddParameter): Name = "Package URL"; Value = "http://industrial.panasonic.com/cdbs/www-data/pdf/RDE0000/DME0000COL48.pdf"; VariantName = "[No Variations]"
Add component (AddParameter): Name = "Rated Voltage"; Value = "35V"; VariantName = "[No Variations]"
Add component (AddParameter): Name = "Ripple Current"; Value = "300mA"; VariantName = "[No Variations]"
Add component (AddParameter): Name = "Series"; Value = "FP"; VariantName = "[No Variations]"
Add component (AddParameter): Name = "Type"; Value = "Can"; VariantName = "[No Variations]"
Added Component: Designator=MK1(PIN2)
Add component (AddParameter): Name = "LatestRevisionDate"; Value = "17-Jul-2002"; VariantName = "[No Variations]"
Add component (AddParameter): Name = "LatestRevisionNote"; Value = "Re-released for DXP Platform."; VariantName = "[No Variations]"
Add component (AddParameter): Name = "PackageReference"; Value = "PIN2"; VariantName = "[No Variations]"
Add component (AddParameter): Name = "Published"; Value = "24-Mar-1999"; VariantName = "[No Variations]"
Add component (AddParameter): Name = "Publisher"; Value = "Altium Limited"; VariantName = "[No Variations]"
Added Component: Designator=R1(RESC1608X55X25ML10T15)
Add component (AddParameter): Name = "Manufacturer"; Value = "Yageo"; VariantName = "[No Variations]"
Add component (AddParameter): Name = "Part Number"; Value = "RT0603DRE0710KL"; VariantName = "[No Variations]"
Added Component: Designator=R2(VR5)
Add component (AddParameter): Name = "LatestRevisionDate"; Value = "17-Jul-2002"; VariantName = "[No Variations]"
Add component (AddParameter): Name = "LatestRevisionNote"; Value = "Re-released for DXP Platform."; VariantName = "[No Variations]"
Add component (AddParameter): Name = "PackageDescription"; Value = "Variable Resistor, Thru-Hole; 3 Leads"; VariantName = "[No Variations]"
Add component (AddParameter): Name = "PackageReference"; Value = "VR5"; VariantName = "[No Variations]"
Add component (AddParameter): Name = "Published"; Value = "8-Jun-2000"; VariantName = "[No Variations]"
Add component (AddParameter): Name = "Publisher"; Value = "Altium Limited"; VariantName = "[No Variations]"
Add component (AddParameter): Name = "Set Position"; Value = "0.5"; VariantName = "[No Variations]"
Add component (AddParameter): Name = "Sim Note"; Value = "Enter the Resistance value and the set point into parameter fields."; VariantName = "[No Variations]"
Add component (AddParameter): Name = "Value"; Value = "1K"; VariantName = "[No Variations]"
Added Component: Designator=R18(RESC1608X55X25ML10T15)
Add component (AddParameter): Name = "Manufacturer"; Value = "Yageo"; VariantName = "[No Variations]"
Add component (AddParameter): Name = "Part Number"; Value = "RT0603DRE0710KL"; VariantName = "[No Variations]"
Added Component: Designator=U3(D0008A_M)
Add component (AddParameter): Name = "Code_IPC"; Value = "SOIC127P600-8"; VariantName = "[No Variations]"
Add component (AddParameter): Name = "Code_JEDEC"; Value = "MS-012-AA"; VariantName = "[No Variations]"
Add component (AddParameter): Name = "ComponentLink1Description"; Value = "Datasheet URL"; VariantName = "[No Variations]"
Add component (AddParameter): Name = "ComponentLink1URL"; Value = "http://www.ti.com/general/docs/lit/getliterature.tsp?genericPartNumber=LM386&fileType=pdf"; VariantName = "[No Variations]"
Add component (AddParameter): Name = "CompType"; Value = "Audio IC"; VariantName = "[No Variations]"
Add component (AddParameter): Name = "High-Reliability"; Value = ""; VariantName = "[No Variations]"
Add component (AddParameter): Name = "Manufacturer"; Value = "Texas Instruments"; VariantName = "[No Variations]"
Add component (AddParameter): Name = "PackageDescription"; Value = "SOIC Narrow, 4.9 x 3.9 x 1.45mm, 8 Lead, 1.27mm Pitch"; VariantName = "[No Variations]"
Add component (AddParameter): Name = "PackageReference"; Value = "D0008A"; VariantName = "[No Variations]"
Add component (AddParameter): Name = "PackageTopMarking"; Value = "NSZXTT*LM386*M-1"; VariantName = "[No Variations]"
Add component (AddParameter): Name = "PartNumber"; Value = ""; VariantName = "[No Variations]"
Add component (AddParameter): Name = "PinCount"; Value = "8"; VariantName = "[No Variations]"
Add component (AddParameter): Name = "PowerWise"; Value = "N"; VariantName = "[No Variations]"
Add component (AddParameter): Name = "RoHS"; Value = "N"; VariantName = "[No Variations]"
Added Pin To Net: NetName=NetC4_1 Pin=C4-1
Added Pin To Net: NetName=NetC4_2 Pin=C4-2
Added Pin To Net: NetName=NetC5_1 Pin=C5-1
Added Pin To Net: NetName=MIC_OUT_TO_CONTROLLER Pin=C5-2
Added Pin To Net: NetName=NetC6_1 Pin=C6-1
Added Pin To Net: NetName=NetC6_2 Pin=C6-2
Added Pin To Net: NetName=NetC7_1 Pin=C7-1
Added Pin To Net: NetName=NetC5_1 Pin=C7-2
Added Pin To Net: NetName=NetC8_1 Pin=C8-1
Added Pin To Net: NetName=GND Pin=C8-2
Added Pin To Net: NetName=GND Pin=MK1-1
Added Pin To Net: NetName=NetC4_1 Pin=MK1-2
Added Pin To Net: NetName=NetC4_1 Pin=R1-1
Added Pin To Net: NetName=VCC Pin=R1-2
Added Pin To Net: NetName=GND Pin=R2-1
Added Pin To Net: NetName=NetC4_2 Pin=R2-2
Added Pin To Net: NetName=NetR2_3 Pin=R2-3
Added Pin To Net: NetName=GND Pin=R18-1
Added Pin To Net: NetName=NetC7_1 Pin=R18-2
Added Pin To Net: NetName=NetC6_1 Pin=U3-1
Added Pin To Net: NetName=GND Pin=U3-2
Added Pin To Net: NetName=NetR2_3 Pin=U3-3
Added Pin To Net: NetName=GND Pin=U3-4
Added Pin To Net: NetName=NetC5_1 Pin=U3-5
Added Pin To Net: NetName=VCC Pin=U3-6
Added Pin To Net: NetName=NetC8_1 Pin=U3-7
Added Pin To Net: NetName=NetC6_2 Pin=U3-8
Change Net Name : Old Net Name=VCC New Net Name=3V3
Added Class: Name=Designator
