Added Net: Name=BOOT0
Added Net: Name=D+
Added Net: Name=D-
Added Net: Name=OSCIN
Added Net: Name=OSCOUT
Added Net: Name=PA0
Added Net: Name=PA1
Added Net: Name=PA2
Added Net: Name=PA3
Added Net: Name=PA4
Added Net: Name=PA5
Added Net: Name=PA6
Added Net: Name=PA7
Added Net: Name=PA8
Added Net: Name=PA9_TX
Added Net: Name=PA11
Added Net: Name=PA12
Added Net: Name=PA13_SWDIO
Added Net: Name=PA14_SWCLK
Added Net: Name=PA15
Added Net: Name=PB0
Added Net: Name=PB1
Added Net: Name=PB2
Added Net: Name=PB3_SWO
Added Net: Name=PB4
Added Net: Name=PB5
Added Net: Name=PB6
Added Net: Name=PB7
Added Net: Name=PB8
Added Net: Name=PB9
Added Net: Name=PB12
Added Net: Name=PB13
Added Net: Name=PB14
Added Net: Name=PC13
Added Net: Name=PC14
Added Net: Name=PC15
Added Net: Name=RST
Added Net: Name=RX_PA10
Added Net: Name=VBAT
Added Room: Name=Designator
Added Room: Name=Designator
Added Room: Name=Keypadmacro
