Importer Log Report
Document: D:\PlumPot\Current Project\KeyPad MAcro\Keypadmacro\Keypadmacro.kicad_pcb
    Section : Analyze Document from - D:\PlumPot\Current Project\KeyPad MAcro\Keypadmacro\Keypadmacro.kicad_pcb
        Warning: Pad name is empty, autogenerated name 'Un1' assigned to pad pad.
        Warning: Pad name is empty, autogenerated name 'Un2' assigned to pad pad.
        Warning: Pad name is empty, autogenerated name 'Un1' assigned to pad pad.
        Warning: Pad name is empty, autogenerated name 'Un2' assigned to pad pad.
        Warning: Pad name is empty, autogenerated name 'Un3' assigned to pad pad.
        Warning: Pad name is empty, autogenerated name 'Un1' assigned to pad pad.
        Warning: Pad name is empty, autogenerated name 'Un2' assigned to pad pad.
        Warning: Pad name is empty, autogenerated name 'Un3' assigned to pad pad.
        Warning: Pad name is empty, autogenerated name 'Un1' assigned to pad pad.
        Warning: Pad name is empty, autogenerated name 'Un2' assigned to pad pad.
        Warning: Pad name is empty, autogenerated name 'Un3' assigned to pad pad.
        Warning: Pad name is empty, autogenerated name 'Un1' assigned to pad pad.
        Warning: Pad name is empty, autogenerated name 'Un2' assigned to pad pad.
        Warning: Pad name is empty, autogenerated name 'Un3' assigned to pad pad.
        Warning: Pad name is empty, autogenerated name 'Un1' assigned to pad pad.
        Warning: Pad name is empty, autogenerated name 'Un2' assigned to pad pad.
        Warning: Pad name is empty, autogenerated name 'Un3' assigned to pad pad.
        Warning: Pad name is empty, autogenerated name 'Un1' assigned to pad pad.
        Warning: Pad name is empty, autogenerated name 'Un2' assigned to pad pad.
        Warning: Pad name is empty, autogenerated name 'Un3' assigned to pad pad.
        Warning: Pad name is empty, autogenerated name 'Un1' assigned to pad pad.
        Warning: Pad name is empty, autogenerated name 'Un2' assigned to pad pad.
        Warning: Pad name is empty, autogenerated name 'Un3' assigned to pad pad.
        Warning: Pad name is empty, autogenerated name 'Un1' assigned to pad pad.
        Warning: Pad name is empty, autogenerated name 'Un2' assigned to pad pad.
        Warning: Pad name is empty, autogenerated name 'Un3' assigned to pad pad.
        Warning: Pad name is empty, autogenerated name 'Un1' assigned to pad pad.
        Warning: Pad name is empty, autogenerated name 'Un2' assigned to pad pad.
        Warning: Pad name is empty, autogenerated name 'Un3' assigned to pad pad.
    EndSection
    Section : Import Document - D:\PlumPot\Current Project\KeyPad MAcro\Keypadmacro\Imported (1) Keypadmacro\Keypadmacro.PcbDoc
        Section : Component REF** importing.
        EndSection
        Section : Component REF** importing.
        EndSection
        Section : Component REF** importing.
        EndSection
        Section : Component REF** importing.
        EndSection
        Section : Component REF** importing.
        EndSection
        Section : Component REF** importing.
        EndSection
        Section : Component REF** importing.
        EndSection
        Section : Component REF** importing.
        EndSection
        Section : Component REF** importing.
        EndSection
        Section : Component REF** importing.
        EndSection
        Section : Component REF** importing.
        EndSection
        Section : Component REF** importing.
        EndSection
        Section : Component REF** importing.
        EndSection
        Section : Component REF** importing.
        EndSection
        Section : Component REF** importing.
        EndSection
        Section : Component REF** importing.
        EndSection
        Section : Component REF** importing.
        EndSection
        Section : Component REF** importing.
        EndSection
        Section : Component REF** importing.
        EndSection
        Section : Component REF** importing.
        EndSection
        Section : Component REF** importing.
        EndSection
        Section : Component REF** importing.
        EndSection
    EndSection
