Importer Log Report
Document: C:\Users\jppot\Documents\GitHub\PCB_Designs\Battery Charger\Battery Charger.kicad_pcb
    Section : Analyze Document from - C:\Users\jppot\Documents\GitHub\PCB_Designs\Battery Charger\Battery Charger.kicad_pcb
        Warning: Pad name is empty, autogenerated name 'Un1' assigned to pad pad.
        Warning: Pad name is empty, autogenerated name 'Un1' assigned to pad pad.
    EndSection
    Section : Import Document - C:\Users\jppot\Documents\GitHub\PCB_Designs\Battery Charger\Imported Battery Charger\Battery Charger.PcbDoc
        Section : Component FD1 importing.
        EndSection
        Section : Component FD2 importing.
        EndSection
        Section : Component J1 importing.
        EndSection
        Section : Component U1 importing.
        EndSection
        Section : Component R2 importing.
        EndSection
        Section : Component R1 importing.
        EndSection
        Section : Component J2 importing.
        EndSection
        Section : Component D1 importing.
        EndSection
        Section : Component C2 importing.
        EndSection
        Section : Component C1 importing.
        EndSection
    EndSection
